video_player/example/build/app/intermediates/manifest_merge_blame_file/debug/manifest-merger-blame-debug-report.txt
1<?xml version="1.0" encoding="utf-8"?>
2<manifest xmlns:android="http://schemas.android.com/apk/res/android"
3    package="io.flutter.plugins.videoplayerexample"
4    android:versionCode="1"
5    android:versionName="1.0" >
6
7    <uses-sdk
8        android:minSdkVersion="21"
8-->src/main/AndroidManifest.xml
9        android:targetSdkVersion="29" />
9-->src/main/AndroidManifest.xml
10
11    <uses-permission android:name="android.permission.INTERNET" />
11-->src/main/AndroidManifest.xml:22:3-64
11-->src/main/AndroidManifest.xml:22:20-62
12    <uses-permission android:name="android.permission.ACCESS_NETWORK_STATE" />
12-->[com.google.android.exoplayer:exoplayer-core:2.18.7] AndroidManifest.xml:24:5-79
12-->[com.google.android.exoplayer:exoplayer-core:2.18.7] AndroidManifest.xml:24:22-76
13
14    <permission
14-->[androidx.core:core:1.13.1] AndroidManifest.xml:22:5-24:47
15        android:name="io.flutter.plugins.videoplayerexample.DYNAMIC_RECEIVER_NOT_EXPORTED_PERMISSION"
15-->[androidx.core:core:1.13.1] AndroidManifest.xml:23:9-81
16        android:protectionLevel="signature" />
16-->[androidx.core:core:1.13.1] AndroidManifest.xml:24:9-44
17
18    <uses-permission android:name="io.flutter.plugins.videoplayerexample.DYNAMIC_RECEIVER_NOT_EXPORTED_PERMISSION" />
18-->[androidx.core:core:1.13.1] AndroidManifest.xml:26:5-97
18-->[androidx.core:core:1.13.1] AndroidManifest.xml:26:22-94
19
20    <application
20-->src/main/AndroidManifest.xml:4:3-20:17
21        android:appComponentFactory="androidx.core.app.CoreComponentFactory"
21-->[androidx.core:core:1.13.1] AndroidManifest.xml:28:18-86
22        android:debuggable="true"
23        android:icon="@mipmap/ic_launcher"
23-->src/main/AndroidManifest.xml:5:5-39
24        android:label="video_player_example"
24-->src/main/AndroidManifest.xml:6:5-41
25        android:networkSecurityConfig="@xml/network_security_config" >
25-->src/main/AndroidManifest.xml:7:5-65
26        <activity
26-->src/main/AndroidManifest.xml:8:5-18:16
27            android:name="io.flutter.embedding.android.FlutterActivity"
27-->src/main/AndroidManifest.xml:11:7-66
28            android:configChanges="orientation|keyboardHidden|keyboard|screenSize|locale|layoutDirection"
28-->src/main/AndroidManifest.xml:9:7-100
29            android:hardwareAccelerated="true"
29-->src/main/AndroidManifest.xml:10:7-41
30            android:theme="@style/LaunchTheme"
30-->src/main/AndroidManifest.xml:12:7-41
31            android:windowSoftInputMode="adjustResize" >
31-->src/main/AndroidManifest.xml:13:7-49
32            <intent-filter>
32-->src/main/AndroidManifest.xml:14:7-17:23
33                <action android:name="android.intent.action.MAIN" />
33-->src/main/AndroidManifest.xml:15:9-60
33-->src/main/AndroidManifest.xml:15:17-58
34
35                <category android:name="android.intent.category.LAUNCHER" />
35-->src/main/AndroidManifest.xml:16:9-68
35-->src/main/AndroidManifest.xml:16:19-66
36            </intent-filter>
37        </activity>
38
39        <meta-data
39-->src/main/AndroidManifest.xml:19:5-67
40            android:name="flutterEmbedding"
40-->src/main/AndroidManifest.xml:19:16-47
41            android:value="2" />
41-->src/main/AndroidManifest.xml:19:48-65
42
43        <uses-library
43-->[androidx.window:window:1.2.0] AndroidManifest.xml:23:9-25:40
44            android:name="androidx.window.extensions"
44-->[androidx.window:window:1.2.0] AndroidManifest.xml:24:13-54
45            android:required="false" />
45-->[androidx.window:window:1.2.0] AndroidManifest.xml:25:13-37
46        <uses-library
46-->[androidx.window:window:1.2.0] AndroidManifest.xml:26:9-28:40
47            android:name="androidx.window.sidecar"
47-->[androidx.window:window:1.2.0] AndroidManifest.xml:27:13-51
48            android:required="false" />
48-->[androidx.window:window:1.2.0] AndroidManifest.xml:28:13-37
49
50        <provider
50-->[androidx.lifecycle:lifecycle-process:2.7.0] AndroidManifest.xml:24:9-32:20
51            android:name="androidx.startup.InitializationProvider"
51-->[androidx.lifecycle:lifecycle-process:2.7.0] AndroidManifest.xml:25:13-67
52            android:authorities="io.flutter.plugins.videoplayerexample.androidx-startup"
52-->[androidx.lifecycle:lifecycle-process:2.7.0] AndroidManifest.xml:26:13-68
53            android:exported="false" >
53-->[androidx.lifecycle:lifecycle-process:2.7.0] AndroidManifest.xml:27:13-37
54            <meta-data
54-->[androidx.lifecycle:lifecycle-process:2.7.0] AndroidManifest.xml:29:13-31:52
55                android:name="androidx.lifecycle.ProcessLifecycleInitializer"
55-->[androidx.lifecycle:lifecycle-process:2.7.0] AndroidManifest.xml:30:17-78
56                android:value="androidx.startup" />
56-->[androidx.lifecycle:lifecycle-process:2.7.0] AndroidManifest.xml:31:17-49
57            <meta-data
57-->[androidx.profileinstaller:profileinstaller:1.3.1] AndroidManifest.xml:29:13-31:52
58                android:name="androidx.profileinstaller.ProfileInstallerInitializer"
58-->[androidx.profileinstaller:profileinstaller:1.3.1] AndroidManifest.xml:30:17-85
59                android:value="androidx.startup" />
59-->[androidx.profileinstaller:profileinstaller:1.3.1] AndroidManifest.xml:31:17-49
60        </provider>
61
62        <receiver
62-->[androidx.profileinstaller:profileinstaller:1.3.1] AndroidManifest.xml:34:9-52:20
63            android:name="androidx.profileinstaller.ProfileInstallReceiver"
63-->[androidx.profileinstaller:profileinstaller:1.3.1] AndroidManifest.xml:35:13-76
64            android:directBootAware="false"
64-->[androidx.profileinstaller:profileinstaller:1.3.1] AndroidManifest.xml:36:13-44
65            android:enabled="true"
65-->[androidx.profileinstaller:profileinstaller:1.3.1] AndroidManifest.xml:37:13-35
66            android:exported="true"
66-->[androidx.profileinstaller:profileinstaller:1.3.1] AndroidManifest.xml:38:13-36
67            android:permission="android.permission.DUMP" >
67-->[androidx.profileinstaller:profileinstaller:1.3.1] AndroidManifest.xml:39:13-57
68            <intent-filter>
68-->[androidx.profileinstaller:profileinstaller:1.3.1] AndroidManifest.xml:40:13-42:29
69                <action android:name="androidx.profileinstaller.action.INSTALL_PROFILE" />
69-->[androidx.profileinstaller:profileinstaller:1.3.1] AndroidManifest.xml:41:17-91
69-->[androidx.profileinstaller:profileinstaller:1.3.1] AndroidManifest.xml:41:25-88
70            </intent-filter>
71            <intent-filter>
71-->[androidx.profileinstaller:profileinstaller:1.3.1] AndroidManifest.xml:43:13-45:29
72                <action android:name="androidx.profileinstaller.action.SKIP_FILE" />
72-->[androidx.profileinstaller:profileinstaller:1.3.1] AndroidManifest.xml:44:17-85
72-->[androidx.profileinstaller:profileinstaller:1.3.1] AndroidManifest.xml:44:25-82
73            </intent-filter>
74            <intent-filter>
74-->[androidx.profileinstaller:profileinstaller:1.3.1] AndroidManifest.xml:46:13-48:29
75                <action android:name="androidx.profileinstaller.action.SAVE_PROFILE" />
75-->[androidx.profileinstaller:profileinstaller:1.3.1] AndroidManifest.xml:47:17-88
75-->[androidx.profileinstaller:profileinstaller:1.3.1] AndroidManifest.xml:47:25-85
76            </intent-filter>
77            <intent-filter>
77-->[androidx.profileinstaller:profileinstaller:1.3.1] AndroidManifest.xml:49:13-51:29
78                <action android:name="androidx.profileinstaller.action.BENCHMARK_OPERATION" />
78-->[androidx.profileinstaller:profileinstaller:1.3.1] AndroidManifest.xml:50:17-95
78-->[androidx.profileinstaller:profileinstaller:1.3.1] AndroidManifest.xml:50:25-92
79            </intent-filter>
80        </receiver>
81    </application>
82
83</manifest>